FARAONIC Training Started: 2026-06-23 06:38:40
============================================================
[06:38:40] Reading FARAONIC (500K NORMAL rows)...
[06:38:45]   500000 records in 5.0s
[06:38:45] Building training windows (L=128, stride=16)...
[06:38:46]   X=(31243, 128, 7)  31243 windows in 1.4s
[06:38:46]   log_features: [3]
[06:38:46]   inter_arrival (log1p): mean=14.21 std=2.27
[06:38:47]   Active features: ['register_value_0', 'inter_arrival_ns'] (d_c=2)
[06:38:47]   Split: train=21870 val=4686 test=4687
[06:38:47]   Device: cuda | d_model=128, 4 layers, K=600, 200+300 epochs
[06:38:47] ============================================================
[06:38:47] STAGE 1: Trend Training (200 epochs)
[06:38:47] ============================================================
[07:06:52]   Done in 1685s (28.1min)
[07:06:52]   Loss: 0.6320 -> 0.1235
[07:06:52] ============================================================
[07:06:52] STAGE 2: Diffusion Training (300 epochs)
[07:06:52] ============================================================
[09:02:35]   Done in 6944s (115.7min)
[09:02:35]   Cont: 0.4088 -> 0.0844
[09:02:35]   Disc: 0.6684 -> 0.0200
[09:02:35]   Total:0.4867 -> 0.0651
[09:02:35] Model saved to D:/programme/checkpoints/exp04_faraonic/
[09:02:35] ============================================================
[09:02:35] GENERATION & EVALUATION
[09:02:35] ============================================================
[09:02:42] ============================================================
[09:02:42] RESULTS
[09:02:42] ============================================================
[09:02:42] KS  Train=0.2708  Test=0.3075  Ratio=1.14  NO OVERFIT
[09:02:42] JSD Train=0.0136  Test=0.0081
[09:02:42] Mean KS: 0.3075  Max KS: 0.9984
[09:02:42]   register_value_0     KS=0.4834
[09:02:42]   register_value_1     KS=0.0000
[09:02:42]   register_value_2     KS=0.0000
[09:02:42]   inter_arrival_ns     KS=0.9984
[09:02:42]   payload_size         KS=0.5583
[09:02:42]   register_address     KS=0.0000
[09:02:42]   quantity             KS=0.1127
[09:02:42] ============================================================
[09:02:42] TRAINING COMPLETE
